0 info it worked if it ends with ok
1 verbose cli [
1 verbose cli   'C:\\Program Files (x86)\\nodejs\\node.exe',
1 verbose cli   'C:\\Users\\quagm\\node_modules\\npm\\bin\\npm-cli.js',
1 verbose cli   'run',
1 verbose cli   'build-css'
1 verbose cli ]
2 info using npm@2.15.12
3 info using node@v14.17.0
4 verbose run-script [ 'prebuild-css', 'build-css', 'postbuild-css' ]
5 info prebuild-css alertmex@1.0.0
6 info build-css alertmex@1.0.0
7 verbose unsafe-perm in lifecycle true
8 info alertmex@1.0.0 Failed to exec build-css script
9 verbose stack Error: alertmex@1.0.0 build-css: `node-sass --include-path scss src/scss/styles.scss dist/css/styles.css`
9 verbose stack Exit status 1
9 verbose stack     at EventEmitter.<anonymous> (C:\Users\quagm\node_modules\npm\lib\utils\lifecycle.js:217:16)
9 verbose stack     at EventEmitter.emit (events.js:376:20)
9 verbose stack     at ChildProcess.<anonymous> (C:\Users\quagm\node_modules\npm\lib\utils\spawn.js:24:14)
9 verbose stack     at ChildProcess.emit (events.js:376:20)
9 verbose stack     at maybeClose (internal/child_process.js:1055:16)
9 verbose stack     at Process.ChildProcess._handle.onexit (internal/child_process.js:288:5)
10 verbose pkgid alertmex@1.0.0
11 verbose cwd C:\Users\quagm\OneDrive\Documentos\notalertmex
12 error Windows_NT 10.0.19044
13 error argv "C:\\Program Files (x86)\\nodejs\\node.exe" "C:\\Users\\quagm\\node_modules\\npm\\bin\\npm-cli.js" "run" "build-css"
14 error node v14.17.0
15 error npm  v2.15.12
16 error code ELIFECYCLE
17 error alertmex@1.0.0 build-css: `node-sass --include-path scss src/scss/styles.scss dist/css/styles.css`
17 error Exit status 1
18 error Failed at the alertmex@1.0.0 build-css script 'node-sass --include-path scss src/scss/styles.scss dist/css/styles.css'.
18 error This is most likely a problem with the alertmex package,
18 error not with npm itself.
18 error Tell the author that this fails on your system:
18 error     node-sass --include-path scss src/scss/styles.scss dist/css/styles.css
18 error You can get information on how to open an issue for this project with:
18 error     npm bugs alertmex
18 error Or if that isn't available, you can get their info via:
18 error
18 error     npm owner ls alertmex
18 error There is likely additional logging output above.
19 verbose exit [ 1, true ]
